<?xml version="1.0" encoding="UTF-8"?>
<testng-results ignored="0" total="2" passed="2" failed="0" skipped="0">
  <reporter-output>
  </reporter-output>
  <suite started-at="2020-09-27T16:11:06 IST" name="Default suite" finished-at="2020-09-27T16:11:51 IST" duration-ms="45067">
    <groups>
    </groups>
    <test started-at="2020-09-27T16:11:06 IST" name="Default test" finished-at="2020-09-27T16:11:51 IST" duration-ms="45067">
      <class name="demo.NewTest">
        <test-method is-config="true" signature="beforeTest()[pri:0, instance:demo.NewTest@318ba8c8]" started-at="2020-09-27T16:11:06 IST" name="beforeTest" finished-at="2020-09-27T16:11:24 IST" duration-ms="18170" status="PASS">
          <reporter-output>
          </reporter-output>
        </test-method> <!-- beforeTest -->
        <test-method signature="f(java.lang.String, java.lang.String)[pri:0, instance:demo.NewTest@318ba8c8]" started-at="2020-09-27T16:11:24 IST" name="f" data-provider="dp" finished-at="2020-09-27T16:11:38 IST" duration-ms="13902" status="PASS">
          <params>
            <param index="0">
              <value>
                <![CDATA[Admin]]>
              </value>
            </param>
            <param index="1">
              <value>
                <![CDATA[admin123]]>
              </value>
            </param>
          </params>
          <reporter-output>
          </reporter-output>
        </test-method> <!-- f -->
        <test-method signature="f(java.lang.String, java.lang.String)[pri:0, instance:demo.NewTest@318ba8c8]" started-at="2020-09-27T16:11:38 IST" name="f" data-provider="dp" finished-at="2020-09-27T16:11:48 IST" duration-ms="9190" status="PASS">
          <params>
            <param index="0">
              <value>
                <![CDATA[linda.anderson]]>
              </value>
            </param>
            <param index="1">
              <value>
                <![CDATA[linda.anderson]]>
              </value>
            </param>
          </params>
          <reporter-output>
          </reporter-output>
        </test-method> <!-- f -->
        <test-method is-config="true" signature="afterTest()[pri:0, instance:demo.NewTest@318ba8c8]" started-at="2020-09-27T16:11:48 IST" name="afterTest" finished-at="2020-09-27T16:11:51 IST" duration-ms="3701" status="PASS">
          <reporter-output>
          </reporter-output>
        </test-method> <!-- afterTest -->
      </class> <!-- demo.NewTest -->
    </test> <!-- Default test -->
  </suite> <!-- Default suite -->
</testng-results>
